[    0.000000] Linux version 4.15.0-189-generic (buildd@lcy02-amd64-039) (gcc version 7.5.0 (Ubuntu 7.5.0-3ubuntu1~18.04)) #200-Ubuntu SMP Wed Jun 22 19:53:37 UTC 2022 (Ubuntu 4.15.0-189.200-generic 4.15.18)
[    0.000000] Command line: BOOT_IMAGE=/boot/vmlinuz-4.15.0-189-generic root=LABEL=cloudimg-rootfs ro console=tty1 console=ttyS0
[    0.000000] KERNEL supported cpus:
[    0.000000]   Intel GenuineIntel
[    0.000000]   AMD AuthenticAMD
[    0.000000]   Centaur CentaurHauls
[    0.000000] x86/fpu: Supporting XSAVE feature 0x001: 'x87 floating point registers'
[    0.000000] x86/fpu: Supporting XSAVE feature 0x002: 'SSE registers'
[    0.000000] x86/fpu: Supporting XSAVE feature 0x004: 'AVX registers'
[    0.000000] x86/fpu: xstate_offset[2]:  576, xstate_sizes[2]:  256
[    0.000000] x86/fpu: Enabled xstate features 0x7, context size is 832 bytes, using 'standard' format.
[    0.000000] e820: BIOS-provided physical RAM map:
[    0.000000] BIOS-e820: [mem 0x0000000000000000-0x000000000009fbff] usable
[    0.000000] BIOS-e820: [mem 0x000000000009fc00-0x000000000009ffff] reserved
[    0.000000] BIOS-e820: [mem 0x00000000000f0000-0x00000000000fffff] reserved
[    0.000000] BIOS-e820: [mem 0x0000000000100000-0x00000000dffeffff] usable
[    0.000000] BIOS-e820: [mem 0x00000000dfff0000-0x00000000dfffffff] ACPI data
[    0.000000] BIOS-e820: [mem 0x00000000fec00000-0x00000000fec00fff] reserved
[    0.000000] BIOS-e820: [mem 0x00000000fee00000-0x00000000fee00fff] reserved
[    0.000000] BIOS-e820: [mem 0x00000000fffc0000-0x00000000ffffffff] reserved
[    0.000000] BIOS-e820: [mem 0x0000000100000000-0x000000011fffffff] usable
[    0.000000] NX (Execute Disable) protection: active
[    0.000000] SMBIOS 2.5 present.
[    0.000000] DMI: innotek GmbH VirtualBox/VirtualBox, BIOS VirtualBox 12/01/2006
[    0.000000] Hypervisor detected: KVM
[    0.000000] e820: last_pfn = 0x120000 max_arch_pfn = 0x400000000
[    0.000000] MTRR: Disabled
[    0.000000] x86/PAT: MTRRs disabled, skipping PAT initialization too.
[    0.000000] CPU MTRRs all blank - virtualized system.
[    0.000000] x86/PAT: Configuration [0-7]: WB  WT  UC- UC  WB  WT  UC- UC  
[    0.000000] e820: last_pfn = 0xdfff0 max_arch_pfn = 0x400000000
[    0.000000] found SMP MP-table at [mem 0x0009fff0-0x0009ffff]
[    0.000000] Scanning 1 areas for low memory corruption
[    0.000000] RAMDISK: [mem 0x359c5000-0x36cd9fff]
[    0.000000] ACPI: Early table checksum verification disabled
[    0.000000] ACPI: RSDP 0x00000000000E0000 000024 (v02 VBOX  )
[    0.000000] ACPI: XSDT 0x00000000DFFF0030 00003C (v01 VBOX   VBOXXSDT 00000001 ASL  00000061)
[    0.000000] ACPI: FACP 0x00000000DFFF00F0 0000F4 (v04 VBOX   VBOXFACP 00000001 ASL  00000061)
[    0.000000] ACPI: DSDT 0x00000000DFFF0470 002325 (v02 VBOX   VBOXBIOS 00000002 INTL 20100528)
[    0.000000] ACPI: FACS 0x00000000DFFF0200 000040
[    0.000000] ACPI: FACS 0x00000000DFFF0200 000040
[    0.000000] ACPI: APIC 0x00000000DFFF0240 00005C (v02 VBOX   VBOXAPIC 00000001 ASL  00000061)
[    0.000000] ACPI: SSDT 0x00000000DFFF02A0 0001CC (v01 VBOX   VBOXCPUT 00000002 INTL 20100528)
[    0.000000] ACPI: Reserving FACP table memory at [mem 0xdfff00f0-0xdfff01e3]
[    0.000000] ACPI: Reserving DSDT table memory at [mem 0xdfff0470-0xdfff2794]
[    0.000000] ACPI: Reserving FACS table memory at [mem 0xdfff0200-0xdfff023f]
[    0.000000] ACPI: Reserving FACS table memory at [mem 0xdfff0200-0xdfff023f]
[    0.000000] ACPI: Reserving APIC table memory at [mem 0xdfff0240-0xdfff029b]
[    0.000000] ACPI: Reserving SSDT table memory at [mem 0xdfff02a0-0xdfff046b]
[    0.000000] No NUMA configuration found
[    0.000000] Faking a node at [mem 0x0000000000000000-0x000000011fffffff]
[    0.000000] NODE_DATA(0) allocated [mem 0x11ffd5000-0x11fffffff]
[    0.000000] kvm-clock: cpu 0, msr 1:1ff54001, primary cpu clock
[    0.000000] kvm-clock: Using msrs 4b564d01 and 4b564d00
[    0.000000] kvm-clock: using sched offset of 3713971279 cycles
[    0.000000] clocksource: kvm-clock: mask: 0xffffffffffffffff max_cycles: 0x1cd42e4dffb, max_idle_ns: 881590591483 ns
[    0.000000] Zone ranges:
[    0.000000]   DMA      [mem 0x0000000000001000-0x0000000000ffffff]
[    0.000000]   DMA32    [mem 0x0000000001000000-0x00000000ffffffff]
[    0.000000]   Normal   [mem 0x0000000100000000-0x000000011fffffff]
[    0.000000]   Device   empty
[    0.000000] Movable zone start for each node
[    0.000000] Early memory node ranges
[    0.000000]   node   0: [mem 0x0000000000001000-0x000000000009efff]
[    0.000000]   node   0: [mem 0x0000000000100000-0x00000000dffeffff]
[    0.000000]   node   0: [mem 0x0000000100000000-0x000000011fffffff]
[    0.000000] Reserved but unavailable: 104 pages
[    0.000000] Initmem setup node 0 [mem 0x0000000000001000-0x000000011fffffff]
[    0.000000] ACPI: PM-Timer IO Port: 0x4008
[    0.000000] IOAPIC[0]: apic_id 2, version 32, address 0xfec00000, GSI 0-23
[    0.000000] ACPI: INT_SRC_OVR (bus 0 bus_irq 0 global_irq 2 dfl dfl)
[    0.000000] ACPI: INT_SRC_OVR (bus 0 bus_irq 9 global_irq 9 low level)
[    0.000000] Using ACPI (MADT) for SMP configuration information
[    0.000000] smpboot: Allowing 2 CPUs, 0 hotplug CPUs
[    0.000000] PM: Registered nosave memory: [mem 0x00000000-0x00000fff]
[    0.000000] PM: Registered nosave memory: [mem 0x0009f000-0x0009ffff]
[    0.000000] PM: Registered nosave memory: [mem 0x000a0000-0x000effff]
[    0.000000] PM: Registered nosave memory: [mem 0x000f0000-0x000fffff]
[    0.000000] PM: Registered nosave memory: [mem 0xdfff0000-0xdfffffff]
[    0.000000] PM: Registered nosave memory: [mem 0xe0000000-0xfebfffff]
[    0.000000] PM: Registered nosave memory: [mem 0xfec00000-0xfec00fff]
[    0.000000] PM: Registered nosave memory: [mem 0xfec01000-0xfedfffff]
[    0.000000] PM: Registered nosave memory: [mem 0xfee00000-0xfee00fff]
[    0.000000] PM: Registered nosave memory: [mem 0xfee01000-0xfffbffff]
[    0.000000] PM: Registered nosave memory: [mem 0xfffc0000-0xffffffff]
[    0.000000] e820: [mem 0xe0000000-0xfebfffff] available for PCI devices
[    0.000000] Booting paravirtualized kernel on KVM
[    0.000000] clocksource: refined-jiffies: mask: 0xffffffff max_cycles: 0xffffffff, max_idle_ns: 7645519600211568 ns
[    0.000000] random: get_random_bytes called from start_kernel+0x99/0x500 with crng_init=0
[    0.000000] setup_percpu: NR_CPUS:8192 nr_cpumask_bits:2 nr_cpu_ids:2 nr_node_ids:1
[    0.000000] percpu: Embedded 50 pages/cpu s167936 r8192 d28672 u1048576
[    0.000000] PV qspinlock hash table entries: 256 (order: 0, 4096 bytes)
[    0.000000] Built 1 zonelists, mobility grouping on.  Total pages: 1032057
[    0.000000] Policy zone: Normal
[    0.000000] Kernel command line: BOOT_IMAGE=/boot/vmlinuz-4.15.0-189-generic root=LABEL=cloudimg-rootfs ro console=tty1 console=ttyS0
[    0.000000] Memory: 4013260K/4193848K available (12300K kernel code, 2484K rwdata, 4324K rodata, 2468K init, 2724K bss, 180588K reserved, 0K cma-reserved)
[    0.000000] SLUB: HWalign=64, Order=0-3, MinObjects=0, CPUs=2, Nodes=1
[    0.000000] Kernel/User page tables isolation: enabled
[    0.000000] ftrace: allocating 39515 entries in 155 pages
[    0.004000] Hierarchical RCU implementation.
[    0.004000] 	RCU restricting CPUs from NR_CPUS=8192 to nr_cpu_ids=2.
[    0.004000] 	Tasks RCU enabled.
[    0.004000] RCU: Adjusting geometry for rcu_fanout_leaf=16, nr_cpu_ids=2
[    0.004000] NR_IRQS: 524544, nr_irqs: 440, preallocated irqs: 16
[    0.004000] Console: colour VGA+ 80x25
[    0.004000] console [tty1] enabled
[    0.004000] console [ttyS0] enabled
[    0.004000] ACPI: Core revision 20170831
[    0.004000] ACPI: 2 ACPI AML tables successfully acquired and loaded
[    0.004000] APIC: Switch to symmetric I/O mode setup
[    0.004000] x2apic enabled
[    0.004000] Switched APIC routing to physical x2apic.
[    0.004000] ..TIMER: vector=0x30 apic1=0 pin1=2 apic2=-1 pin2=-1
[    0.004004] tsc: Detected 2712.000 MHz processor
[    0.004742] Calibrating delay loop (skipped) preset value.. 5424.00 BogoMIPS (lpj=10848000)
[    0.005322] pid_max: default: 32768 minimum: 301
[    0.006080] Security Framework initialized
[    0.006746] Yama: becoming mindful.
[    0.008020] AppArmor: AppArmor initialized
[    0.015037] Dentry cache hash table entries: 524288 (order: 10, 4194304 bytes)
[    0.016147] Inode-cache hash table entries: 262144 (order: 9, 2097152 bytes)
[    0.020019] Mount-cache hash table entries: 8192 (order: 4, 65536 bytes)
[    0.021054] Mountpoint-cache hash table entries: 8192 (order: 4, 65536 bytes)
[    0.022427] Last level iTLB entries: 4KB 128, 2MB 8, 4MB 8
[    0.024002] Last level dTLB entries: 4KB 64, 2MB 0, 4MB 0, 1GB 4
[    0.025397] Spectre V1 : Mitigation: usercopy/swapgs barriers and __user pointer sanitization
[    0.027233] Spectre V2 : Mitigation: Retpolines
[    0.028003] Spectre V2 : Spectre v2 / SpectreRSB mitigation: Filling RSB on context switch
[    0.029548] Speculative Store Bypass: Vulnerable
[    0.030471] MDS: Mitigation: Clear CPU buffers
[    0.031295] MMIO Stale Data: Mitigation: Clear CPU buffers
[    0.032001] SRBDS: Unknown: Dependent on hypervisor status
[    0.033110] Freeing SMP alternatives memory: 36K
[    0.144980] smpboot: CPU0: Intel(R) Core(TM) i5-7500T CPU @ 2.70GHz (family: 0x6, model: 0x9e, stepping: 0x9)
[    0.147225] Performance Events: unsupported p6 CPU model 158 no PMU driver, software events only.
[    0.148035] Hierarchical SRCU implementation.
[    0.149588] NMI watchdog: Perf event create on CPU 0 failed with -2
[    0.150855] NMI watchdog: Perf NMI watchdog permanently disabled
[    0.152000] smp: Bringing up secondary CPUs ...
[    0.155000] x86: Booting SMP configuration:
[    0.156002] .... node  #0, CPUs:      #1
[    0.004000] kvm-clock: cpu 1, msr 1:1ff54041, secondary cpu clock
[    0.160018] smp: Brought up 1 node, 2 CPUs
[    0.160932] smpboot: Max logical packages: 1
[    0.162342] smpboot: Total of 2 processors activated (10848.00 BogoMIPS)
[    0.164184] devtmpfs: initialized
[    0.164660] x86/mm: Memory block size: 128MB
[    0.165627] evm: security.selinux
[    0.166182] evm: security.SMACK64
[    0.166768] evm: security.SMACK64EXEC
[    0.167366] evm: security.SMACK64TRANSMUTE
[    0.168003] evm: security.SMACK64MMAP
[    0.168670] evm: security.apparmor
[    0.169233] evm: security.ima
[    0.169743] evm: security.capability
[    0.170390] clocksource: jiffies: mask: 0xffffffff max_cycles: 0xffffffff, max_idle_ns: 7645041785100000 ns
[    0.172008] futex hash table entries: 512 (order: 3, 32768 bytes)
[    0.173145] pinctrl core: initialized pinctrl subsystem
[    0.174043] RTC time: 13:24:26, date: 07/22/22
[    0.174866] NET: Registered protocol family 16
[    0.176058] audit: initializing netlink subsys (disabled)
[    0.176951] audit: type=2000 audit(1658496271.113:1): state=initialized audit_enabled=0 res=1
[    0.178070] cpuidle: using governor ladder
[    0.180024] cpuidle: using governor menu
[    0.180929] ACPI: bus type PCI registered
[    0.181636] acpiphp: ACPI Hot Plug PCI Controller Driver version: 0.5
[    0.183037] PCI: Using configuration type 1 for base access
[    0.184979] HugeTLB registered 2.00 MiB page size, pre-allocated 0 pages
[    0.185207] ACPI: Added _OSI(Module Device)
[    0.188008] ACPI: Added _OSI(Processor Device)
[    0.188782] ACPI: Added _OSI(3.0 _SCP Extensions)
[    0.189562] ACPI: Added _OSI(Processor Aggregator Device)
[    0.190449] ACPI: Added _OSI(Linux-Dell-Video)
[    0.191157] ACPI: Added _OSI(Linux-Lenovo-NV-HDMI-Audio)
[    0.192003] ACPI: Added _OSI(Linux-HPI-Hybrid-Graphics)
[    0.193123] ACPI: Executed 1 blocks of module-level executable AML code
[    0.197333] ACPI: Interpreter enabled
[    0.198270] ACPI: (supports S0 S5)
[    0.198984] ACPI: Using IOAPIC for interrupt routing
[    0.200238] PCI: Using host bridge windows from ACPI; if necessary, use "pci=nocrs" and report a bug
[    0.202481] ACPI: Enabled 2 GPEs in block 00 to 07
[    0.209134] ACPI: PCI Root Bridge [PCI0] (domain 0000 [bus 00-ff])
[    0.210547] acpi PNP0A03:00: _OSC: OS supports [ASPM ClockPM Segments MSI]
[    0.212000] acpi PNP0A03:00: _OSC: not requesting OS control; OS requires [ExtendedConfig ASPM ClockPM MSI]
[    0.212010] acpi PNP0A03:00: fail to add MMCONFIG information, can't access extended PCI configuration space under this bridge.
[    0.214128] PCI host bridge to bus 0000:00
[    0.216004] pci_bus 0000:00: root bus resource [io  0x0000-0x0cf7 window]
[    0.217074] pci_bus 0000:00: root bus resource [io  0x0d00-0xffff window]
[    0.218176] pci_bus 0000:00: root bus resource [mem 0x000a0000-0x000bffff window]
[    0.219352] pci_bus 0000:00: root bus resource [mem 0xe0000000-0xfdffffff window]
[    0.220003] pci_bus 0000:00: root bus resource [bus 00-ff]
[    0.222767] pci 0000:00:01.1: legacy IDE quirk: reg 0x10: [io  0x01f0-0x01f7]
[    0.224005] pci 0000:00:01.1: legacy IDE quirk: reg 0x14: [io  0x03f6]
[    0.225038] pci 0000:00:01.1: legacy IDE quirk: reg 0x18: [io  0x0170-0x0177]
[    0.226204] pci 0000:00:01.1: legacy IDE quirk: reg 0x1c: [io  0x0376]
[    0.301307] pci 0000:00:07.0: quirk: [io  0x4000-0x403f] claimed by PIIX4 ACPI
[    0.303227] pci 0000:00:07.0: quirk: [io  0x4100-0x410f] claimed by PIIX4 SMB
[    0.349706] ACPI: PCI Interrupt Link [LNKA] (IRQs 5 9 10 *11)
[    0.352294] ACPI: PCI Interrupt Link [LNKB] (IRQs 5 9 *10 11)
[    0.353549] ACPI: PCI Interrupt Link [LNKC] (IRQs 5 *9 10 11)
[    0.354726] ACPI: PCI Interrupt Link [LNKD] (IRQs 5 9 10 *11)
[    0.356338] SCSI subsystem initialized
[    0.357102] pci 0000:00:02.0: vgaarb: setting as boot VGA device
[    0.357172] pci 0000:00:02.0: vgaarb: VGA device added: decodes=io+mem,owns=io+mem,locks=none
[    0.360010] pci 0000:00:02.0: vgaarb: bridge control possible
[    0.361104] vgaarb: loaded
[    0.361707] ACPI: bus type USB registered
[    0.362464] usbcore: registered new interface driver usbfs
[    0.363441] usbcore: registered new interface driver hub
[    0.364032] usbcore: registered new device driver usb
[    0.365042] EDAC MC: Ver: 3.0.0
[    0.365042] PCI: Using ACPI for IRQ routing
[    0.365042] NetLabel: Initializing
[    0.368002] NetLabel:  domain hash size = 128
[    0.368781] NetLabel:  protocols = UNLABELED CIPSOv4 CALIPSO
[    0.369737] NetLabel:  unlabeled traffic allowed by default
[    0.372074] clocksource: Switched to clocksource kvm-clock
[    0.389307] VFS: Disk quotas dquot_6.6.0
[    0.389987] VFS: Dquot-cache hash table entries: 512 (order 0, 4096 bytes)
[    0.391136] AppArmor: AppArmor Filesystem Enabled
[    0.391917] pnp: PnP ACPI init
[    0.393405] pnp: PnP ACPI: found 3 devices
[    0.402000] clocksource: acpi_pm: mask: 0xffffff max_cycles: 0xffffff, max_idle_ns: 2085701024 ns
[    0.403422] NET: Registered protocol family 2
[    0.404085] IP idents hash table entries: 65536 (order: 7, 524288 bytes)
[    0.405686] TCP established hash table entries: 32768 (order: 6, 262144 bytes)
[    0.406878] TCP bind hash table entries: 32768 (order: 7, 524288 bytes)
[    0.407944] TCP: Hash tables configured (established 32768 bind 32768)
[    0.411837] UDP hash table entries: 2048 (order: 4, 65536 bytes)
[    0.412806] UDP-Lite hash table entries: 2048 (order: 4, 65536 bytes)
[    0.413830] NET: Registered protocol family 1
[    0.414543] pci 0000:00:00.0: Limiting direct PCI/PCI transfers
[    0.415813] pci 0000:00:01.0: Activating ISA DMA hang workarounds
[    0.417199] pci 0000:00:02.0: Video device with shadowed ROM at [mem 0x000c0000-0x000dffff]
[    0.418921] Unpacking initramfs...
[    0.776002] Freeing initrd memory: 19540K
[    0.777053] PCI-DMA: Using software bounce buffering for IO (SWIOTLB)
[    0.778502] software IO TLB: mapped [mem 0xdbff0000-0xdfff0000] (64MB)
[    0.779674] clocksource: tsc: mask: 0xffffffffffffffff max_cycles: 0x2717868ea45, max_idle_ns: 440795316085 ns
[    0.781282] platform rtc_cmos: registered platform RTC device (no PNP device found)
[    0.782569] Scanning for low memory corruption every 60 seconds
[    0.784380] Initialise system trusted keyrings
[    0.785213] Key type blacklist registered
[    0.786022] workingset: timestamp_bits=36 max_order=20 bucket_order=0
[    0.787900] zbud: loaded
[    0.791857] squashfs: version 4.0 (2009/01/31) Phillip Lougher
[    0.793075] fuse init (API version 7.26)
[    0.796248] Key type asymmetric registered
[    0.797169] Asymmetric key parser 'x509' registered
[    0.798061] Block layer SCSI generic (bsg) driver version 0.4 loaded (major 246)
[    0.799360] io scheduler noop registered
[    0.800135] io scheduler deadline registered
[    0.800896] io scheduler cfq registered (default)
[    0.802066] ACPI: AC Adapter [AC] (on-line)
[    0.802836] input: Power Button as /devices/LNXSYSTM:00/LNXPWRBN:00/input/input0
[    0.804215] ACPI: Power Button [PWRF]
[    0.804953] input: Sleep Button as /devices/LNXSYSTM:00/LNXSLPBN:00/input/input1
[    0.806200] ACPI: Sleep Button [SLPF]
[    0.807242] Serial: 8250/16550 driver, 32 ports, IRQ sharing enabled
[    0.829128] 00:02: ttyS0 at I/O 0x3f8 (irq = 4, base_baud = 115200) is a 16550A
[    0.833219] Linux agpgart interface v0.103
[    0.838400] loop: module loaded
[    0.839580] scsi host0: ata_piix
[    0.840369] scsi host1: ata_piix
[    0.841034] ata1: PATA max UDMA/33 cmd 0x1f0 ctl 0x3f6 bmdma 0xd000 irq 14
[    0.842186] ata2: PATA max UDMA/33 cmd 0x170 ctl 0x376 bmdma 0xd008 irq 15
[    0.843745] tun: Universal TUN/TAP device driver, 1.6
[    0.845153] PPP generic driver version 2.4.2
[    0.846149] ehci_hcd: USB 2.0 'Enhanced' Host Controller (EHCI) Driver
[    0.847228] ehci-pci: EHCI PCI platform driver
[    0.848002] ehci-platform: EHCI generic platform driver
[    0.848990] ohci_hcd: USB 1.1 'Open' Host Controller (OHCI) Driver
[    0.850208] ohci-pci: OHCI PCI platform driver
[    0.851003] ohci-platform: OHCI generic platform driver
[    0.851869] uhci_hcd: USB Universal Host Controller Interface driver
[    0.853020] i8042: PNP: PS/2 Controller [PNP0303:PS2K,PNP0f03:PS2M] at 0x60,0x64 irq 1,12
[    0.854802] serio: i8042 KBD port at 0x60,0x64 irq 1
[    0.855708] serio: i8042 AUX port at 0x60,0x64 irq 12
[    0.857272] mousedev: PS/2 mouse device common for all mice
[    0.858847] input: AT Translated Set 2 keyboard as /devices/platform/i8042/serio0/input/input2
[    0.860430] rtc_cmos rtc_cmos: rtc core: registered rtc_cmos as rtc0
[    0.861669] rtc_cmos rtc_cmos: alarms up to one day, 114 bytes nvram
[    0.862675] i2c /dev entries driver
[    0.863309] device-mapper: uevent: version 1.0.3
[    0.864218] device-mapper: ioctl: 4.37.0-ioctl (2017-09-20) initialised: dm-devel@redhat.com
[    0.865597] ledtrig-cpu: registered to indicate activity on CPUs
[    0.867312] NET: Registered protocol family 10
[    0.871658] Segment Routing with IPv6
[    0.872438] NET: Registered protocol family 17
[    0.873207] Key type dns_resolver registered
[    0.874061] mce: Using 0 MCE banks
[    0.874644] RAS: Correctable Errors collector initialized.
[    0.875515] sched_clock: Marking stable (874039244, 0)->(1223546806, -349507562)
[    0.877081] registered taskstats version 1
[    0.877760] Loading compiled-in X.509 certificates
[    0.880562] Loaded X.509 cert 'Build time autogenerated kernel key: 9c4811ffd453f4b0c13447eb15d717d926dfaff5'
[    0.882992] Loaded X.509 cert 'Canonical Ltd. Live Patch Signing: 14df34d1a87cf37625abec039ef2bf521249b969'
[    0.885380] Loaded X.509 cert 'Canonical Ltd. Kernel Module Signing: 88f752e560a1e0737e31163a466ad7b70a850c19'
[    0.887095] blacklist: Loading compiled-in revocation X.509 certificates
[    0.888258] Loaded X.509 cert 'Canonical Ltd. Secure Boot Signing: 61482aa2830d0ab2ad5af10b7250da9033ddcef0'
[    0.890144] zswap: loaded using pool lzo/zbud
[    0.894463] Key type big_key registered
[    0.895151] Key type trusted registered
[    0.897423] Key type encrypted registered
[    0.898117] AppArmor: AppArmor sha1 policy hashing enabled
[    0.899049] ima: No TPM chip found, activating TPM-bypass! (rc=-19)
[    0.900143] ima: Allocated hash algorithm: sha1
[    0.901303] evm: HMAC attrs: 0x1
[    0.902368]   Magic number: 14:412:433
[    0.903396] rtc_cmos rtc_cmos: setting system clock to 2022-07-22 13:24:26 UTC (1658496266)
[    0.904884] BIOS EDD facility v0.16 2004-Jun-25, 0 devices found
[    0.905852] EDD information not available.
[    1.029620] Freeing unused kernel image memory: 2468K
[    1.158388] Write protecting the kernel read-only data: 20480k
[    1.160327] Freeing unused kernel image memory: 2008K
[    1.161662] Freeing unused kernel image memory: 1820K
[    1.168281] x86/mm: Checked W+X mappings: passed, no W+X pages found.
[    1.169676] x86/mm: Checking user space page tables
[    1.176076] x86/mm: Checked W+X mappings: passed, no W+X pages found.
Loading, please wait...
starting version 237
[    1.247417] e1000: Intel(R) PRO/1000 Network Driver - version 7.3.21-k8-NAPI
[    1.249020] e1000: Copyright (c) 1999-2006 Intel Corporation.
[    1.252671] Fusion MPT base driver 3.04.20
[    1.253689] Copyright (c) 1999-2008 LSI Corporation
[    1.282114] AVX2 version of gcm_enc/dec engaged.
[    1.283021] AES CTR mode by8 optimization enabled
[    1.289080] Fusion MPT SPI Host driver 3.04.20
[    1.467641] input: ImExPS/2 Generic Explorer Mouse as /devices/platform/i8042/serio1/input/input4
[    1.817573] e1000 0000:00:03.0 eth0: (PCI:33MHz:32-bit) 02:70:df:2f:2a:c8
[    1.819646] e1000 0000:00:03.0 eth0: Intel(R) PRO/1000 Network Connection
[    1.822709] mptbase: ioc0: Initiating bringup
[    2.767649] ioc0: LSI53C1030 A0: Capabilities={Initiator}
[    6.882540] scsi host2: ioc0: LSI53C1030 A0, FwRev=00000000h, Ports=1, MaxQ=256, IRQ=20
[    8.278348] scsi 2:0:0:0: Direct-Access     VBOX     HARDDISK         1.0  PQ: 0 ANSI: 5
[    8.316658] scsi target2:0:0: Beginning Domain Validation
[    8.320954] scsi target2:0:0: Domain Validation skipping write tests
[    8.322487] scsi target2:0:0: Ending Domain Validation
[    8.323663] scsi target2:0:0: asynchronous
[    8.325499] scsi 2:0:1:0: Direct-Access     VBOX     HARDDISK         1.0  PQ: 0 ANSI: 5
[    8.616151] scsi target2:0:1: Beginning Domain Validation
[    8.619409] random: fast init done
[    8.620997] scsi target2:0:1: Domain Validation skipping write tests
[    8.622648] scsi target2:0:1: Ending Domain Validation
[    8.623754] scsi target2:0:1: asynchronous
[    8.629968] random: systemd-udevd: uninitialized urandom read (16 bytes read)
[    8.631723] random: systemd-udevd: uninitialized urandom read (16 bytes read)
[    8.633518] random: systemd-udevd: uninitialized urandom read (16 bytes read)
[    8.635396] sd 2:0:0:0: Attached scsi generic sg0 type 0
[    8.635652] sd 2:0:0:0: [sda] 83886080 512-byte logical blocks: (42.9 GB/40.0 GiB)
[    8.637150] sd 2:0:1:0: Attached scsi generic sg1 type 0
[    8.643206] sd 2:0:0:0: [sda] Write Protect is off
[    8.646100] sd 2:0:1:0: [sdb] 20480 512-byte logical blocks: (10.5 MB/10.0 MiB)
[    8.647777] sd 2:0:1:0: [sdb] Write Protect is off
[    8.649131] sd 2:0:1:0: [sdb] Incomplete mode parameter data
[    8.650051] sd 2:0:1:0: [sdb] Assuming drive cache: write through
[    8.652381] sd 2:0:0:0: [sda] Incomplete mode parameter data
[    8.653602] sd 2:0:0:0: [sda] Assuming drive cache: write through
[    8.657207] sd 2:0:1:0: [sdb] Attached SCSI disk
[    8.662211] e1000 0000:00:08.0 eth1: (PCI:33MHz:32-bit) 08:00:27:a2:88:de
[    8.663333]  sda: sda1
[    8.664151] e1000 0000:00:08.0 eth1: Intel(R) PRO/1000 Network Connection
[    8.666722] sd 2:0:0:0: [sda] Attached SCSI disk
[    8.668609] e1000 0000:00:03.0 enp0s3: renamed from eth0
[    8.693695] e1000 0000:00:08.0 enp0s8: renamed from eth1
Begin: Loading essential drivers ... [   10.136102] raid6: sse2x1   gen() 10960 MB/s
[   10.184134] raid6: sse2x1   xor()  7993 MB/s
[   10.232137] raid6: sse2x2   gen() 13705 MB/s
[   10.280112] raid6: sse2x2   xor()  9192 MB/s
[   10.328131] raid6: sse2x4   gen() 15690 MB/s
[   10.376088] raid6: sse2x4   xor()  9877 MB/s
[   10.424124] raid6: avx2x1   gen() 22001 MB/s
[   10.472162] raid6: avx2x1   xor() 14632 MB/s
[   10.520197] raid6: avx2x2   gen() 27176 MB/s
[   10.568124] raid6: avx2x2   xor() 16997 MB/s
[   10.616068] raid6: avx2x4   gen() 31003 MB/s
[   10.664120] raid6: avx2x4   xor() 18112 MB/s
[   10.665183] raid6: using algorithm avx2x4 gen() 31003 MB/s
[   10.666289] raid6: .... xor() 18112 MB/s, rmw enabled
[   10.667463] raid6: using avx2x2 recovery algorithm
[   10.669306] xor: automatically using best checksumming function   avx       
[   10.671489] async_tx: api initialized (async)
done.
Begin: Running /scripts/init-premount ... done.
Begin: Mounting root file system ... Begin: Running /scripts/local-top ... done.
Begin: Running /scripts/local-premount ... [   10.717889] Btrfs loaded, crc32c=crc32c-intel
Scanning for Btrfs filesystems
done.
Warning: fsck not present, so skipping root file system
[   10.753906] EXT4-fs (sda1): mounted filesystem with ordered data mode. Opts: (null)
done.
Begin: Running /scripts/local-bottom ... done.
Begin: Running /scripts/init-bottom ... done.
[   10.942488] ip_tables: (C) 2000-2006 Netfilter Core Team
[   10.954321] systemd[1]: systemd 237 running in system mode. (+PAM +AUDIT +SELINUX +IMA +APPARMOR +SMACK +SYSVINIT +UTMP +LIBCRYPTSETUP +GCRYPT +GNUTLS +ACL +XZ +LZ4 +SECCOMP +BLKID +ELFUTILS +KMOD -IDN2 +IDN -PCRE2 default-hierarchy=hybrid)
[   10.957678] systemd[1]: Detected virtualization oracle.
[   10.958664] systemd[1]: Detected architecture x86-64.

Welcome to [1mUbuntu 18.04.6 LTS[0m!

[   10.976885] systemd[1]: Set hostname to <ubuntu>.
[   10.982836] systemd[1]: Initializing machine ID from random generator.
[   10.984330] systemd[1]: Installed transient /etc/machine-id file.
[   11.258548] systemd[1]: Set up automount Arbitrary Executable File Formats File System Automount Point.
[[0;32m  OK  [0m] Set up automount Arbitrary Executab…rmats File System Automount Point.
[   11.262969] systemd[1]: Created slice System Slice.
[[0;32m  OK  [0m] Created slice System Slice.
[   11.265059] systemd[1]: Listening on Network Service Netlink Socket.
[[0;32m  OK  [0m] Listening on Network Service Netlink Socket.
[   11.276221] systemd[1]: Listening on Journal Socket.
[[0;32m  OK  [0m] Listening on Journal Socket.
         Mounting Huge Pages File System...
[[0;32m  OK  [0m] Listening on fsck to fsckd communication Socket.
         Starting File System Check on Root Device...
[[0;32m  OK  [0m] Listening on LVM2 metadata daemon socket.
[[0;32m  OK  [0m] Created slice User and Session Slice.
         Starting Create list of required st…ce nodes for the current kernel...
         Starting Uncomplicated firewall...
[[0;32m  OK  [0m] Reached target User and Group Name Lookups.
         Mounting Kernel Debug File System...
         Starting Load Kernel Modules...
[[0;32m  OK  [0m] Listening on Device-mapper event daemon FIFOs.
         Starting Monitoring of LVM2 mirrors…ng dmeventd or progress polling...
[[0;32m  OK  [0m] Reached target System Time Synchronized.
         Mounting POSIX Message Queue File System...
[[0;32m  OK  [0m] Listening on Journal Socket (/dev/log).
[[0;32m  OK  [0m] Created slice system-serial\x2dgetty.slice.
[[0;32m  OK  [0m] Listening on Journal Audit Socket.
[[0;32m  OK  [0m] Listening on LVM2 poll daemon socket.
[   11.357341] Loading iSCSI transport class v2.0-870.
[[0;32m  OK  [0m] Listening on udev Control Socket.
[[0;32m  OK  [0m] Reached target Swap.
[[0;32m  OK  [0m] Listening on Syslog Socket.
         Starting Journal Service...
[[0;32m  OK  [0m] Reached target Slices.
         Starting Set the console keyboard layout...
[[0;32m  OK  [0m] Listening on /dev/initctl Compatibility Named Pipe.
[[0;32m  OK  [0m] Listening on udev Kernel Socket.
         Starting udev Coldplug all Devices...
[[0;32m  OK  [0m] Started Forward Password Requests to Wall Directory Watch.
[[0;32m  OK  [0m] Mounted Huge Pages File System.
[[0;32m  OK  [0m] Started File System Check on Root Device.
[[0;32m  OK  [0m] Started Create list of required sta…vice nodes for the current kernel.
[[0;32m  OK  [0m] Started Uncomplicated firewall.
[   11.400848] iscsi: registered transport (tcp)
[[0;32m  OK  [0m] Mounted Kernel Debug File System.
[[0;32m  OK  [0m] Mounted POSIX Message Queue File System.
[[0;32m  OK  [0m] Started File System Check Daemon to report status.
         Starting Create Static Device Nodes in /dev...
         Starting Remount Root and Kernel File Systems...
[   11.421476] iscsi: registered transport (iser)
[[0;32m  OK  [0m] Started Load Kernel Modules.
         Mounting FUSE Control File System...
         Mounting Kernel Configuration File System...
         Starting Apply Kernel Variables...
[[0;32m  OK  [0m] Mounted FUSE Control File System.
[[0;32m  OK  [0m] Mounted Kernel Configuration File System.
[[0;32m  OK  [0m] Started Journal Service.
[[0;32m  OK  [0m] Started LVM2 metadata daemon.
[[0;32m  OK  [0m] Started udev Coldplug all Devices.
[[0;32m  OK  [0m] Started Create Static Device Nodes in /dev.
[[0;32m  OK  [0m] Started Remount Root and Kernel File Systems.
         Starting udev Kernel Device Manager...
         Starting Load/Save Random Seed...
         Starting Flush Journal to Persistent Storage...
[[0;32m  OK  [0m] Started Monitoring of LVM2 mirrors,…sing dmeventd or progress polling.
[[0;32m  OK  [0m] Started Apply Kernel Variables.
[[0;32m  OK  [0m] Started Load/Save Random Seed.
[[0;32m  OK  [0m] Started udev Kernel Device Manager.
[[0;32m  OK  [0m] Started Flush Journal to Persistent Storage.
[[0;32m  OK  [0m] Found device /dev/ttyS0.
[[0;32m  OK  [0m] Listening on Load/Save RF Kill Switch Status /dev/rfkill Watch.
[[0;32m  OK  [0m] Started Set the console keyboard layout.
[[0;32m  OK  [0m] Started Dispatch Password Requests to Console Directory Watch.
[[0;32m  OK  [0m] Reached target Local Encrypted Volumes.
[[0;32m  OK  [0m] Reached target Local File Systems (Pre).
[[0;32m  OK  [0m] Reached target Local File Systems.
         Starting ebtables ruleset management...
         Starting Create Volatile Files and Directories...
         Starting Commit a transient machine-id on disk...
         Starting AppArmor initialization...
         Starting Set console font and keymap...
         Starting Tell Plymouth To Write Out Runtime Data...
[[0;32m  OK  [0m] Started Tell Plymouth To Write Out Runtime Data.
[[0;32m  OK  [0m] Started Commit a transient machine-id on disk.
[[0;32m  OK  [0m] Started Create Volatile Files and Directories.
         Starting Update UTMP about System Boot/Shutdown...
[[0;32m  OK  [0m] Started Update UTMP about System Boot/Shutdown.
[[0;32m  OK  [0m] Started ebtables ruleset management.
[[0;32m  OK  [0m] Started AppArmor initialization.
         Starting Initial cloud-init job (pre-networking)...
         Starting Load AppArmor profiles managed internally by snapd...
[[0;32m  OK  [0m] Started Load AppArmor profiles managed internally by snapd.
[[0;32m  OK  [0m] Started Set console font and keymap.
[   14.870550] cloud-init[834]: Cloud-init v. 22.2-0ubuntu1~18.04.3 running 'init-local' at Fri, 22 Jul 2022 13:24:40 +0000. Up 14.53 seconds.
[[0;32m  OK  [0m] Started Initial cloud-init job (pre-networking).
[[0;32m  OK  [0m] Reached target Network (Pre).
         Starting Network Service...
[[0;32m  OK  [0m] Started Network Service.
         Starting Network Name Resolution...
         Starting Wait for Network to be Configured...
[[0;32m  OK  [0m] Started Network Name Resolution.
[[0;32m  OK  [0m] Reached target Network.
[[0;32m  OK  [0m] Reached target Host and Network Name Lookups.
[[0;32m  OK  [0m] Started Wait for Network to be Configured.
         Starting Initial cloud-init job (metadata service crawler)...
[   16.707061] cloud-init[995]: Cloud-init v. 22.2-0ubuntu1~18.04.3 running 'init' at Fri, 22 Jul 2022 13:24:42 +0000. Up 16.57 seconds.
[   16.720252] cloud-init[995]: ci-info: ++++++++++++++++++++++++++++++++++++++Net device info+++++++++++++++++++++++++++++++++++++++
[   16.721222] cloud-init[995]: ci-info: +--------+-------+----------------------------+---------------+--------+-------------------+
[   16.722560] cloud-init[995]: ci-info: | Device |   Up  |          Address           |      Mask     | Scope  |     Hw-Address    |
[   16.723976] cloud-init[995]: ci-info: +--------+-------+----------------------------+---------------+--------+-------------------+
[   16.736234] cloud-init[995]: ci-info: | enp0s3 |  True |         10.0.2.15          | 255.255.255.0 | global | 02:70:df:2f:2a:c8 |
[   16.752210] cloud-init[995]: ci-info: | enp0s3 |  True | fe80::70:dfff:fe2f:2ac8/64 |       .       |  link  | 02:70:df:2f:2a:c8 |
[   16.764217] cloud-init[995]: ci-info: | enp0s8 | False |             .              |       .       |   .    | 08:00:27:a2:88:de |
[   16.776188] cloud-init[995]: ci-info: |   lo   |  True |         127.0.0.1          |   255.0.0.0   |  host  |         .         |
[   16.792124] cloud-init[995]: ci-info: |   lo   |  True |          ::1/128           |       .       |  host  |         .         |
[   16.793159] cloud-init[995]: ci-info: +--------+-------+----------------------------+---------------+--------+-------------------+
[   16.794151] cloud-init[995]: ci-info: ++++++++++++++++++++++++++++Route IPv4 info+++++++++++++++++++++++++++++
[   16.794994] cloud-init[995]: ci-info: +-------+-------------+----------+-----------------+-----------+-------+
[   16.796299] cloud-init[995]: ci-info: | Route | Destination | Gateway  |     Genmask     | Interface | Flags |
[   16.797511] cloud-init[995]: ci-info: +-------+-------------+----------+-----------------+-----------+-------+
[   16.798696] cloud-init[995]: ci-info: |   0   |   0.0.0.0   | 10.0.2.2 |     0.0.0.0     |   enp0s3  |   UG  |
[   16.800127] cloud-init[995]: ci-info: |   1   |   10.0.2.0  | 0.0.0.0  |  255.255.255.0  |   enp0s3  |   U   |
[   16.800883] cloud-init[995]: ci-info: |   2   |   10.0.2.2  | 0.0.0.0  | 255.255.255.255 |   enp0s3  |   UH  |
[   16.802156] cloud-init[995]: ci-info: +-------+-------------+----------+-----------------+-----------+-------+
[   16.802926] cloud-init[995]: ci-info: +++++++++++++++++++Route IPv6 info+++++++++++++++++++
[   16.803546] cloud-init[995]: ci-info: +-------+-------------+---------+-----------+-------+
[   16.804412] cloud-init[995]: ci-info: | Route | Destination | Gateway | Interface | Flags |
[   16.805334] cloud-init[995]: ci-info: +-------+-------------+---------+-----------+-------+
[   16.806527] cloud-init[995]: ci-info: |   1   |  fe80::/64  |    ::   |   enp0s3  |   U   |
[   16.807578] cloud-init[995]: ci-info: |   3   |    local    |    ::   |   enp0s3  |   U   |
[   16.809763] cloud-init[995]: ci-info: |   4   |   ff00::/8  |    ::   |   enp0s3  |   U   |
[   16.810848] cloud-init[995]: ci-info: +-------+-------------+---------+-----------+-------+
[   17.453401] cloud-init[995]: Generating public/private rsa key pair.
[   17.468314] cloud-init[995]: Your identification has been saved in /etc/ssh/ssh_host_rsa_key.
[   17.480314] cloud-init[995]: Your public key has been saved in /etc/ssh/ssh_host_rsa_key.pub.
[   17.492314] cloud-init[995]: The key fingerprint is:
[   17.492745] cloud-init[995]: SHA256:OeKZt+Jvup21v0JVE6umdEKVmbcQTSL3bd2nmFjgrM0 root@ubuntu-bionic
[[0;32m  OK  [0m] Started Initial cloud-init job (metadata service crawler).
[   17.512240] cloud-init[995]: The key's randomart image is:
[   17.513256] cloud-init[995]: +---[RSA 2048]----+
[[   17.524733] [0;32m  OK  [0mcloud-init] Reached target Network is Online.[995]: 
|          o =Bo. |
[   17.525492] cloud-init[995]: |         o ==o=oo|
[[   17.525946] [0;32m  OK  [0mcloud-init[995]: ] |          + .+oo*|Reached target Remote File Systems (Pre).

[[   17.526036] cloud-init[995]: |         * o.+.o.|
[   17.526915] cloud-init[995]: |      . S E.* .  |
[   17.527303] cloud-init[995]: |     . + o.=     |
[   17.527784] cloud-init[995]: |      + ..o      |
[0;32m  OK  [0m] Reached target Remote File Systems.
[   17.528484] cloud-init[995]: |      .o.+..     |
         [   17.552240] Starting Availability of block devices...cloud-init
[995]: |     .+*= .oo.   |
[[0;32m  OK  [0m] Reached target System Initialization.
[[0;32m  OK  [0m] Listening on D-Bus System Message Bus Socket.
[   17.568970] cloud-init[995]: +----[SHA256]-----+
         Starting LXD - unix socket.
[   17.600337] cloud-init[995]: Generating public/private dsa key pair.
[   17.615632] cloud-init[995]: Your identification has been saved in /etc/ssh/ssh_host_dsa_key.
[   17.615745] cloud-init[995]: Your public key has been saved in /etc/ssh/ssh_host_dsa_key.pub.
[[0;32m  OK  [0m[   17.615807] ] cloud-initStarted Ubuntu Advantage Timer for running repeated jobs.[995]: The key fingerprint is:

[   17.615867] cloud-init[995]: SHA256:F3oqJOI3COsIWaBRQq7Zd82AfZTEQZ8ShHb0cqLg6ag root@ubuntu-bionic
[[   17.618671] cloud-init[995]: The key's randomart image is:
[   17.618786] cloud-init[995]: +---[DSA 1024]----+
[   17.619338] cloud-init[995]: |o..    BOo       |
[   17.619722] cloud-init[995]: |.o   oo.++ .     |
[   17.620276] cloud-init[995]: |o.  o.o.= *      |
[   17.620664] cloud-init[995]: |o= . o * * .     |
[   17.621054] cloud-init[995]: |= + = + S o      |
[   17.621466] cloud-init[995]: | * * +   +       |
[   17.621851] cloud-init[995]: |+ + + . .        |
[   17.622153] cloud-init[995]: |+. . . .         |
[0;32m  OK  [0m] Listening on ACPID Listen Socket.
[   17.622536] cloud-init[995]: |E.               |
[   17.636912] cloud-init[995]: +----[SHA256]-----+
[[0;32m  OK  [0m] Started Message of the Day.
[   17.637340] cloud-init[995]: Generating public/private ecdsa key pair.
[[0;32m  OK  [0m] Listening on Open-iSCSI iscsid Socket.
[   17.653774] cloud-init[995]: Your identification has been saved in /etc/ssh/ssh_host_ecdsa_key.
[[   17.664390] [0;32m  OK  [0mcloud-init] [995]: Listening on cloud-init hotplug hook socket.Your public key has been saved in /etc/ssh/ssh_host_ecdsa_key.pub.

[   17.664477] cloud-init[995]: The key fingerprint is:
         [   17.688880] Starting Socket activation for snappy daemon.cloud-init
[995]: SHA256:eRZS3LQ0lrakhz8ADRxr3Y9pdLI9KtRicHArZ9FdLk8 root@ubuntu-bionic
[[   17.700227] [0;32m  OK  [0mcloud-init] [995]: Started Daily Cleanup of Temporary Directories.The key's randomart image is:

[   17.700352] cloud-init[995]: +---[ECDSA 256]---+
[[0;32m  OK  [0m] Started Daily apt download activities.
[   17.712412] cloud-init[995]: |       .+=++=o ..|
[[0;32m  OK  [0m[   17.713985] ] cloud-initStarted Daily apt upgrade and clean activities.[995]: 
|        o*o**o.. |
[[   17.725151] [0;32m  OK  [0mcloud-init[995]: ] |        *.B==.o E|Started Discard unused blocks once a week.

[   17.725295] cloud-init[995]: |       . O++oO + |
[   17.725956] cloud-init[995]: |        S *+* + .|
[   17.726269] cloud-init[995]: |         = oo. . |
[   17.726391] cloud-init[995]: |          . ..   |
[   17.727005] cloud-init[995]: |           .     |
[   17.727453] cloud-init[995]: |                 |
[   17.728004] cloud-init[995]: +----[SHA256]-----+
[   17.728403] cloud-init[995]: Generating public/private ed25519 key pair.
[   17.728673] cloud-init[995]: Your identification has been saved in /etc/ssh/ssh_host_ed25519_key.
[   17.729118] cloud-init[995]: Your public key has been saved in /etc/ssh/ssh_host_ed25519_key.pub.
[   17.729408] cloud-init[995]: The key fingerprint is:
[   17.729894] cloud-init[995]: SHA256:BF9XNM3uzoarEWsDzKsk9QI3lNm9bVVvZYMum5u4rNc root@ubuntu-bionic
[   17.730249] cloud-init[995]: The key's randomart image is:
[   17.730499] cloud-init[995]: +--[ED25519 256]--+
[   17.730674] cloud-init[995]: |      .   . .o=++|
[[0;32m  OK  [0m] Reached target Timers.
[   17.733097] cloud-init[995]: |       o = o . oB|
[   17.733978] cloud-init[995]: |        * . o  .+|
[[   17.734521] cloud-init[995]: |       o o . + o.|
[   17.734592] cloud-init[995]: |      . S + * o. |
[   17.734997] cloud-init[995]: |       + o = +  .|
[   17.735431] cloud-init[995]: |      . o = B  + |
[   17.735813] cloud-init[995]: |       o.= E o. +|
[   17.736761] cloud-init[995]: |       .+o. ...o |
[   17.736846] cloud-init[995]: +----[SHA256]-----+
[0;32m  OK  [0m] Listening on UUID daemon activation socket.
[[0;32m  OK  [0m] Started ACPI Events Check.
[[0;32m  OK  [0m] Reached target Paths.
[[0;32m  OK  [0m] Reached target Cloud-config availability.
[[0;32m  OK  [0m] Started Availability of block devices.
[[0;32m  OK  [0m] Listening on LXD - unix socket.
[[0;32m  OK  [0m] Listening on Socket activation for snappy daemon.
[[0;32m  OK  [0m] Reached target Sockets.
[[0;32m  OK  [0m] Reached target Basic System.
         Starting Pollinate to seed the pseudo random number generator...
         Starting Permit User Sessions...
         Starting Accounts Service...
         Starting Login Service...
[[0;32m  OK  [0m] Started irqbalance daemon.
         Starting LSB: Record successful boot for GRUB...
         Starting Virtualbox guest utils...
         Starting Snap Daemon...
[[0;32m  OK  [0m] Started Deferred execution scheduler.
         Starting Dispatcher daemon for systemd-networkd...
[[0;32m  OK  [0m] Started D-Bus System Message Bus.
[[0;32m  OK  [0m] Started FUSE filesystem for LXC.
         Starting System Logging Service...
         Starting LSB: automatic crash report generation...
[[0;32m  OK  [0m] Started Regular background program processing daemon.
         Starting LXD - container startup/shutdown...
[[0;32m  OK  [0m] Started Permit User Sessions.
[[0;32m  OK  [0m] Started Login Service.
[[0;32m  OK  [0m] Started Unattended Upgrades Shutdown.
         Starting Terminate Plymouth Boot Screen...
         Starting Hold until boot process finishes up...
[[0;32m  OK  [0m] Started Terminate Plymouth Boot Screen.
[[0;32m  OK  [0m] Started Hold until boot process finishes up.
         Starting Authorization Manager...
[[0;32m  OK  [0m] Started Serial Getty on ttyS0.
         Starting Set console scheme...
[[0;32m  OK  [0m] Started System Logging Service.
[[0;32m  OK  [0m] Started LSB: Record successful boot for GRUB.
[[0;32m  OK  [0m] Started Set console scheme.
[[0;32m  OK  [0m] Created slice system-getty.slice.
[[0;32m  OK  [0m] Started Getty on tty1.
[[0;32m  OK  [0m] Reached target Login Prompts.
[[0;32m  OK  [0m] Started LSB: automatic crash report generation.
[[0;32m  OK  [0m] Started Authorization Manager.
[[0;32m  OK  [0m] Started Accounts Service.
[[0;32m  OK  [0m] Started Virtualbox guest utils.
[[0;32m  OK  [0m] Started LXD - container startup/shutdown.
[[0;32m  OK  [0m] Started Dispatcher daemon for systemd-networkd.
[[0;32m  OK  [0m] Started Snap Daemon.
         Starting Wait until snapd is fully seeded...
         Starting Time & Date Service...
[[0;32m  OK  [0m] Started Time & Date Service.
[[0;32m  OK  [0m] Started Pollinate to seed the pseudo random number generator.
         Starting OpenBSD Secure Shell server...
[[0;32m  OK  [0m] Started OpenBSD Secure Shell server.
[[0;32m  OK  [0m] Created slice User Slice of vagrant.
         Starting User Manager for UID 1000...
[[0;32m  OK  [0m] Started Session 1 of user vagrant.
[[0;32m  OK  [0m] Started User Manager for UID 1000.
[[0;32m  OK  [0m] Started Wait until snapd is fully seeded.
         Starting Apply the settings specified in cloud-config...
[   21.820983] cloud-init[1631]: Cloud-init v. 22.2-0ubuntu1~18.04.3 running 'modules:config' at Fri, 22 Jul 2022 13:24:46 +0000. Up 20.53 seconds.
[[0;32m  OK  [0m] Started Apply the settings specified in cloud-config.
[[0;32m  OK  [0m] Reached target Multi-User System.
[[0;32m  OK  [0m] Reached target Graphical Interface.
         Starting Update UTMP about System Runlevel Changes...
         Starting Execute cloud user/final scripts...
[[0;32m  OK  [0m] Started Update UTMP about System Runlevel Changes.
ci-info: no authorized SSH keys fingerprints found for user ubuntu.
<14>Jul 22 13:24:48 cloud-init: #############################################################
<14>Jul 22 13:24:48 cloud-init: -----BEGIN SSH HOST KEY FINGERPRINTS-----
<14>Jul 22 13:24:48 cloud-init: 1024 SHA256:F3oqJOI3COsIWaBRQq7Zd82AfZTEQZ8ShHb0cqLg6ag root@ubuntu-bionic (DSA)
<14>Jul 22 13:24:48 cloud-init: 256 SHA256:eRZS3LQ0lrakhz8ADRxr3Y9pdLI9KtRicHArZ9FdLk8 root@ubuntu-bionic (ECDSA)
<14>Jul 22 13:24:48 cloud-init: 256 SHA256:BF9XNM3uzoarEWsDzKsk9QI3lNm9bVVvZYMum5u4rNc root@ubuntu-bionic (ED25519)
<14>Jul 22 13:24:48 cloud-init: 2048 SHA256:OeKZt+Jvup21v0JVE6umdEKVmbcQTSL3bd2nmFjgrM0 root@ubuntu-bionic (RSA)
<14>Jul 22 13:24:48 cloud-init: -----END SSH HOST KEY FINGERPRINTS-----
<14>Jul 22 13:24:48 cloud-init: #############################################################
-----BEGIN SSH HOST KEY KEYS-----
ecdsa-sha2-nistp256 AAAAE2VjZHNhLXNoYTItbmlzdHAyNTYAAAAIbmlzdHAyNTYAAABBBGFG8iSbH21cSS8m9A2VJc2FWdMsoFT7swHVbFDbAxDe8QZReeeApeiLuKkzECYE1csFTs0nBDoAn4xgvCQQK/8= root@ubuntu-bionic
ssh-ed25519 AAAAC3NzaC1lZDI1NTE5AAAAICBLLkEC9gYzN3hcezmD2BcgY7c6lE9DB9Zq9EKWlMWY root@ubuntu-bionic
ssh-rsa AAAAB3NzaC1yc2EAAAADAQABAAABAQDHomQBo3ZzyZjFYRTimQn83dEa0ThBnrmg1P8qZZvielHzbvkIl922O2bW8PcpDUpu2Ce2pfjQoasUODWmdEKFkm4cAiSyPurqSl9wS9WfgdZM5YDTRHYhgErblQuhXNqu8VBepZX9npRRV/aaUWMQBxjn/DXwsegL2Pv/NsJnXn2LfOP4BfsC0QfZc4UAZMEspllXFn7EdSbjEJ6wimhdodWzErd8YZcJZFnV6eSx0wTdtpabr7CDMfcoCjOZEOqtvnXuUf5g3w4nfV29Z1QwDu7Sc+hr7pKLXE42dWYdOZIl1ZP793U43S/T14K8SciPBiwWS+ZF0pDl871zp2Xx root@ubuntu-bionic
-----END SSH HOST KEY KEYS-----
[   22.527718] cloud-init[1759]: Cloud-init v. 22.2-0ubuntu1~18.04.3 running 'modules:final' at Fri, 22 Jul 2022 13:24:47 +0000. Up 22.30 seconds.
[   22.530466] cloud-init[1759]: Cloud-init v. 22.2-0ubuntu1~18.04.3 finished at Fri, 22 Jul 2022 13:24:48 +0000. Datasource DataSourceNoCloud [seed=/dev/sdb][dsmode=net].  Up 22.51 seconds
[[0;32m  OK  [0m] Started Execute cloud user/final scripts.
[[0;32m  OK  [0m] Reached target Cloud-init target.

Ubuntu 18.04.6 LTS ubuntu-bionic ttyS0

ubuntu-bionic login: 